2023-07-08 08:07:26 Loading main app package /usr/lib/obsidian/obsidian.asar
2023-07-08 08:07:27 Checking for update using Github
2023-07-08 08:07:28 Success.
2023-07-08 08:07:28 Latest version is 1.3.5
2023-07-08 08:07:28 App is up to date.
2023-07-08 08:13:16 Loading main app package /usr/lib/obsidian/obsidian.asar
2023-07-08 08:13:16 Checking for update using Github
2023-07-08 08:13:18 Success.
2023-07-08 08:13:18 Latest version is 1.3.5
2023-07-08 08:13:18 App is up to date.
2023-07-08 08:27:10 Loading main app package /usr/lib/obsidian/obsidian.asar
2023-07-08 08:27:11 Checking for update using Github
2023-07-08 08:27:12 Success.
2023-07-08 08:27:12 Latest version is 1.3.5
2023-07-08 08:27:12 App is up to date.
2023-07-08 08:35:26 Loading main app package /usr/lib/obsidian/obsidian.asar
2023-07-08 08:35:26 Checking for update using Github
2023-07-08 08:35:27 Success.
2023-07-08 08:35:27 Latest version is 1.3.5
2023-07-08 08:35:27 App is up to date.
2023-07-08 08:37:33 Loading main app package /usr/lib/obsidian/obsidian.asar
2023-07-08 08:37:33 Checking for update using Github
2023-07-08 08:37:33 Success.
2023-07-08 08:37:33 Latest version is 1.3.5
2023-07-08 08:37:33 App is up to date.
2023-07-08 08:38:03 Loading main app package /usr/lib/obsidian/obsidian.asar
2023-07-08 08:38:03 Checking for update using Github
2023-07-08 08:38:04 Success.
2023-07-08 08:38:04 Latest version is 1.3.5
2023-07-08 08:38:04 App is up to date.
2023-07-08 08:58:56 Loading main app package /usr/lib/obsidian/obsidian.asar
2023-07-08 08:58:56 Checking for update using Github
2023-07-08 08:58:57 Success.
2023-07-08 08:58:57 Latest version is 1.3.5
2023-07-08 08:58:57 App is up to date.
2023-07-08 09:04:42 Loading main app package /usr/lib/obsidian/obsidian.asar
2023-07-08 09:04:43 Checking for update using Github
2023-07-08 09:04:44 Success.
2023-07-08 09:04:44 Latest version is 1.3.5
2023-07-08 09:04:44 App is up to date.
2023-07-08 09:06:13 Loading main app package /usr/lib/obsidian/obsidian.asar
2023-07-08 09:06:14 Checking for update using Github
2023-07-08 09:06:14 Success.
2023-07-08 09:06:14 Latest version is 1.3.5
2023-07-08 09:06:14 App is up to date.
2023-07-09 07:50:55 Loading main app package /usr/lib/obsidian/obsidian.asar
2023-07-09 07:50:55 Checking for update using Github
2023-07-09 07:50:56 Success.
2023-07-09 07:50:56 Latest version is 1.3.5
2023-07-09 07:50:56 App is up to date.
2023-07-10 10:47:44 Loading main app package /usr/lib/obsidian/obsidian.asar
2023-07-10 10:47:45 Checking for update using Github
2023-07-10 10:47:45 Success.
2023-07-10 10:47:45 Latest version is 1.3.5
2023-07-10 10:47:45 App is up to date.
2023-07-12 23:23:14 Loading main app package /usr/lib/obsidian/obsidian.asar
2023-07-12 23:23:15 Checking for update using Github
2023-07-12 23:23:16 Success.
2023-07-12 23:23:16 Latest version is 1.3.5
2023-07-12 23:23:16 App is up to date.
2023-07-16 09:42:21 Loading main app package /usr/lib/obsidian/obsidian.asar
2023-07-16 09:42:22 Checking for update using Github
2023-07-16 09:42:23 Success.
2023-07-16 09:42:23 Latest version is 1.3.5
2023-07-16 09:42:23 App is up to date.
2023-07-18 22:25:28 Loading main app package /usr/lib/obsidian/obsidian.asar
2023-07-18 22:25:29 Checking for update using Github
2023-07-18 22:25:30 Success.
2023-07-18 22:25:30 Latest version is 1.3.5
2023-07-18 22:25:30 App is up to date.
2023-07-18 23:13:11 Loading main app package /usr/lib/obsidian/obsidian.asar
2023-07-18 23:13:12 Checking for update using Github
2023-07-18 23:13:12 Success.
2023-07-18 23:13:13 Latest version is 1.3.5
2023-07-18 23:13:13 App is up to date.
2023-07-23 14:16:16 Loading main app package /usr/lib/obsidian/obsidian.asar
2023-07-23 14:16:17 Checking for update using Github
2023-07-23 14:16:17 Success.
2023-07-23 14:16:17 Latest version is 1.3.5
2023-07-23 14:16:17 App is up to date.
2023-07-24 13:11:25 Loading main app package /usr/lib/obsidian/obsidian.asar
2023-07-24 13:11:25 Checking for update using Github
2023-07-24 13:11:26 Success.
2023-07-24 13:11:26 Latest version is 1.3.5
2023-07-24 13:11:26 App is up to date.
2023-07-24 14:04:50 Loading main app package /usr/lib/obsidian/obsidian.asar
2023-07-24 14:04:51 Checking for update using Github
2023-07-24 14:04:52 Success.
2023-07-24 14:04:52 Latest version is 1.3.5
2023-07-24 14:04:52 App is up to date.
2023-07-24 15:04:50 Checking for update using Github
2023-07-24 15:04:51 Success.
2023-07-24 15:04:51 Latest version is 1.3.5
2023-07-24 15:04:51 App is up to date.
2023-07-24 16:04:50 Checking for update using Github
2023-07-24 16:04:51 Success.
2023-07-24 16:04:51 Latest version is 1.3.5
2023-07-24 16:04:51 App is up to date.
2023-07-24 17:04:50 Checking for update using Github
2023-07-24 17:04:51 Success.
2023-07-24 17:04:51 Latest version is 1.3.5
2023-07-24 17:04:51 App is up to date.
2023-07-24 18:04:50 Checking for update using Github
2023-07-24 18:04:51 Success.
2023-07-24 18:04:51 Latest version is 1.3.5
2023-07-24 18:04:51 App is up to date.
2023-07-24 19:04:50 Checking for update using Github
2023-07-24 19:04:51 Success.
2023-07-24 19:04:51 Latest version is 1.3.5
2023-07-24 19:04:51 App is up to date.
2023-07-27 15:39:30 Loading main app package /usr/lib/obsidian/obsidian.asar
2023-07-27 15:39:31 Checking for update using Github
2023-07-27 15:39:32 Success.
2023-07-27 15:39:32 Latest version is 1.3.5
2023-07-27 15:39:32 App is up to date.
2023-07-27 15:39:36 Loading main app package /usr/lib/obsidian/obsidian.asar
2023-07-27 15:39:36 Checking for update using Github
2023-07-27 15:39:36 Success.
2023-07-27 15:39:36 Latest version is 1.3.5
2023-07-27 15:39:36 App is up to date.
2023-09-02 16:34:37 Loading main app package /usr/lib/obsidian/obsidian.asar
2023-09-02 16:34:37 Checking for update using Github
2023-09-02 16:34:38 Success.
2023-09-02 16:34:38 Latest version is 1.4.5
2023-09-02 16:34:38 Downloading update from https://github.com/obsidianmd/obsidian-releases/releases/download/v1.4.5/obsidian-1.4.5.asar.gz
2023-09-02 16:34:41 Verifying hash & signature. Size= 8267902
2023-09-02 16:34:41 Saving file
2023-09-02 16:34:42 Update complete.
